

[2024-02-13 12:13:38.259] [INFO ] [org.springframework.boot.StartupInfoLogger.logStarting(StartupInfoLogger.java:50)] 
Starting MySideProjectApplication using Java 17.0.3 with PID 13431 (/home/bill/Workplace/MySideProject/target/classes started by bill in /home/bill/Workplace/MySideProject)


[2024-02-13 12:13:38.274] [INFO ] [org.springframework.boot.SpringApplication.logStartupProfileInfo(SpringApplication.java:654)] 
No active profile set, falling back to 1 default profile: "default"


[2024-02-13 12:13:39.931] [INFO ] [org.springframework.boot.web.embedded.tomcat.TomcatWebServer.initialize(TomcatWebServer.java:109)] 
Tomcat initialized with port 8080 (http)


[2024-02-13 12:13:39.950] [INFO ] [org.apache.juli.logging.DirectJDKLog.log(DirectJDKLog.java:173)] 
Initializing ProtocolHandler ["http-nio-8080"]


[2024-02-13 12:13:39.954] [INFO ] [org.apache.juli.logging.DirectJDKLog.log(DirectJDKLog.java:173)] 
Starting service [Tomcat]


[2024-02-13 12:13:39.955] [INFO ] [org.apache.juli.logging.DirectJDKLog.log(DirectJDKLog.java:173)] 
Starting Servlet engine: [Apache Tomcat/10.1.18]


[2024-02-13 12:13:40.016] [INFO ] [org.apache.juli.logging.DirectJDKLog.log(DirectJDKLog.java:173)] 
Initializing Spring embedded WebApplicationContext


[2024-02-13 12:13:40.017] [INFO ] [org.springframework.boot.web.servlet.context.ServletWebServerApplicationContext.prepareWebApplicationContext(ServletWebServerApplicationContext.java:296)] 
Root WebApplicationContext: initialization completed in 1663 ms


[2024-02-13 12:13:40.162] [WARN ] [org.springframework.aop.framework.CglibAopProxy.doValidateClass(CglibAopProxy.java:285)] 
Unable to proxy interface-implementing method [public final void org.springframework.dao.support.DaoSupport.afterPropertiesSet() throws java.lang.IllegalArgumentException,org.springframework.beans.factory.BeanInitializationException] because it is marked as final, consider using interface-based JDK proxies instead.


[2024-02-13 12:13:40.223] [WARN ] [org.springframework.aop.framework.CglibAopProxy.doValidateClass(CglibAopProxy.java:285)] 
Unable to proxy interface-implementing method [public final void org.springframework.dao.support.DaoSupport.afterPropertiesSet() throws java.lang.IllegalArgumentException,org.springframework.beans.factory.BeanInitializationException] because it is marked as final, consider using interface-based JDK proxies instead.


[2024-02-13 12:13:40.325] [INFO ] [org.springframework.boot.autoconfigure.web.servlet.WelcomePageHandlerMapping.<init>(WelcomePageHandlerMapping.java:59)] 
Adding welcome page template: index


[2024-02-13 12:13:40.709] [INFO ] [org.apache.juli.logging.DirectJDKLog.log(DirectJDKLog.java:173)] 
Starting ProtocolHandler ["http-nio-8080"]


[2024-02-13 12:13:40.725] [INFO ] [org.springframework.boot.web.embedded.tomcat.TomcatWebServer.start(TomcatWebServer.java:241)] 
Tomcat started on port 8080 (http) with context path ''


[2024-02-13 12:13:40.739] [INFO ] [org.springframework.boot.StartupInfoLogger.logStarted(StartupInfoLogger.java:56)] 
Started MySideProjectApplication in 2.945 seconds (process running for 4.359)


[2024-02-13 12:13:43.146] [INFO ] [org.apache.juli.logging.DirectJDKLog.log(DirectJDKLog.java:173)] 
Initializing Spring DispatcherServlet 'dispatcherServlet'


[2024-02-13 12:13:43.146] [INFO ] [org.springframework.web.servlet.FrameworkServlet.initServletBean(FrameworkServlet.java:532)] 
Initializing Servlet 'dispatcherServlet'


[2024-02-13 12:13:43.148] [INFO ] [org.springframework.web.servlet.FrameworkServlet.initServletBean(FrameworkServlet.java:554)] 
Completed initialization in 2 ms


[2024-02-13 12:13:49.043] [INFO ] [com.zaxxer.hikari.HikariDataSource.getConnection(HikariDataSource.java:110)] 
HikariPool-1 - Starting...


[2024-02-13 12:13:49.592] [INFO ] [com.zaxxer.hikari.pool.HikariPool.checkFailFast(HikariPool.java:565)] 
HikariPool-1 - Added connection org.postgresql.jdbc.PgConnection@185cced9


[2024-02-13 12:13:49.595] [INFO ] [com.zaxxer.hikari.HikariDataSource.getConnection(HikariDataSource.java:123)] 
HikariPool-1 - Start completed.


[2024-02-13 12:13:50.095] [INFO ] [com.example.controller.UserController.toLogin(UserController.java:47)] 
user_101 login


[2024-02-13 12:13:57.474] [INFO ] [com.example.controller.UserController.toLogout(UserController.java:75)] 
user_101 logout


[2024-02-13 12:14:01.789] [INFO ] [org.springframework.boot.admin.SpringApplicationAdminMXBeanRegistrar$SpringApplicationAdmin.shutdown(SpringApplicationAdminMXBeanRegistrar.java:159)] 
Application shutdown requested.


[2024-02-13 12:14:01.795] [INFO ] [org.apache.juli.logging.DirectJDKLog.log(DirectJDKLog.java:173)] 
Stopping ProtocolHandler ["http-nio-8080"]


[2024-02-13 12:14:01.802] [INFO ] [com.zaxxer.hikari.HikariDataSource.close(HikariDataSource.java:350)] 
HikariPool-1 - Shutdown initiated...


[2024-02-13 12:14:01.828] [INFO ] [com.zaxxer.hikari.HikariDataSource.close(HikariDataSource.java:352)] 
HikariPool-1 - Shutdown completed.
